<?xml version="1.0" encoding="UTF-8"?>
<testng-results ignored="0" total="1" passed="1" failed="0" skipped="0">
  <reporter-output>
  </reporter-output>
  <suite started-at="2023-04-04T13:27:02 COT" name="Default suite" finished-at="2023-04-04T13:28:10 COT" duration-ms="68655">
    <groups>
      <group name="cucumber">
        <method signature="AbstractTestNGCucumberTests.runScenario(io.cucumber.testng.PickleWrapper,io.cucumber.testng.FeatureWrapper)[pri:0, instance:runner.RunCukesTest@5505ae1a]" name="runScenario" class="io.cucumber.testng.AbstractTestNGCucumberTests"/>
      </group> <!-- cucumber -->
    </groups>
    <test started-at="2023-04-04T13:27:02 COT" name="Default test" finished-at="2023-04-04T13:28:10 COT" duration-ms="68655">
      <class name="runner.RunCukesTest">
        <test-method is-config="true" signature="setUpClass(org.testng.ITestContext)[pri:0, instance:runner.RunCukesTest@5505ae1a]" started-at="2023-04-04T13:27:02 COT" name="setUpClass" finished-at="2023-04-04T13:27:02 COT" duration-ms="273" status="PASS">
          <params>
            <param index="0">
              <value>
                <![CDATA[org.testng.TestRunner@4fc165f6]]>
              </value>
            </param>
          </params>
          <reporter-output>
          </reporter-output>
        </test-method> <!-- setUpClass -->
        <test-method signature="runScenario(io.cucumber.testng.PickleWrapper,io.cucumber.testng.FeatureWrapper)[pri:0, instance:runner.RunCukesTest@5505ae1a]" started-at="2023-04-04T13:27:02 COT" name="runScenario" description="Runs Cucumber Scenarios" data-provider="scenarios" finished-at="2023-04-04T13:28:10 COT" duration-ms="68257" status="PASS">
          <params>
            <param index="0">
              <value>
                <![CDATA["Verificar que aparezca un popup con: La reserva no tiene cupo confirmado"]]>
              </value>
            </param>
            <param index="1">
              <value>
                <![CDATA["regla de validacion itinerario"]]>
              </value>
            </param>
          </params>
          <reporter-output>
          </reporter-output>
        </test-method> <!-- runScenario -->
        <test-method is-config="true" signature="tearDownClass()[pri:0, instance:runner.RunCukesTest@5505ae1a]" started-at="2023-04-04T13:28:10 COT" name="tearDownClass" finished-at="2023-04-04T13:28:10 COT" duration-ms="7" status="PASS">
          <reporter-output>
          </reporter-output>
        </test-method> <!-- tearDownClass -->
      </class> <!-- runner.RunCukesTest -->
    </test> <!-- Default test -->
  </suite> <!-- Default suite -->
</testng-results>
